{"C:\\Developer\\AppDev.EvolveVersion.Action\\src\\lib.js": {"path":"C:\\Developer\\AppDev.EvolveVersion.Action\\src\\lib.js","statementMap":{"0":{"start":{"line":1,"column":18},"end":{"line":1,"column":31}},"1":{"start":{"line":6,"column":2},"end":{"line":14,"column":5}},"2":{"start":{"line":7,"column":4},"end":{"line":13,"column":5}},"3":{"start":{"line":8,"column":6},"end":{"line":8,"column":31}},"4":{"start":{"line":10,"column":6},"end":{"line":10,"column":27}},"5":{"start":{"line":11,"column":25},"end":{"line":11,"column":48}},"6":{"start":{"line":12,"column":6},"end":{"line":12,"column":38}},"7":{"start":{"line":18,"column":19},"end":{"line":18,"column":41}},"8":{"start":{"line":19,"column":2},"end":{"line":19,"column":40}},"9":{"start":{"line":20,"column":2},"end":{"line":20,"column":55}},"10":{"start":{"line":23,"column":0},"end":{"line":26,"column":1}}},"fnMap":{"0":{"name":"getScriptName","decl":{"start":{"line":5,"column":9},"end":{"line":5,"column":22}},"loc":{"start":{"line":5,"column":44},"end":{"line":15,"column":1}},"line":5},"1":{"name":"(anonymous_1)","decl":{"start":{"line":6,"column":21},"end":{"line":6,"column":22}},"loc":{"start":{"line":6,"column":37},"end":{"line":14,"column":3}},"line":6},"2":{"name":"extractVersion","decl":{"start":{"line":17,"column":9},"end":{"line":17,"column":23}},"loc":{"start":{"line":17,"column":36},"end":{"line":21,"column":1}},"line":17}},"branchMap":{"0":{"loc":{"start":{"line":7,"column":4},"end":{"line":13,"column":5}},"type":"if","locations":[{"start":{"line":7,"column":4},"end":{"line":13,"column":5}},{"start":{"line":7,"column":4},"end":{"line":13,"column":5}}],"line":7}},"s":{"0":2,"1":1,"2":0,"3":0,"4":0,"5":0,"6":0,"7":3,"8":3,"9":3,"10":2},"f":{"0":1,"1":0,"2":3},"b":{"0":[0,0]},"_coverageSchema":"1a1c01bbd47fc00a2c39e90264f33305004495a9","hash":"95fdde97e89f302a006f7cb65bcbf45fad5db7d6"}
}
